
> qtools@0.0.0 start
> concurrently "npm run server" "npm run dev"

[0]
[0] > qtools@0.0.0 server
[0] > node server/index.js
[0]
[1]
[1] > qtools@0.0.0 dev
[1] > vite
[1]
[0] ✅ Using mkcert certificates
[0]
[0] 🚀 QTools Server Started Successfully!
[0] ━━━━━━━━━━━━━━━━━━━━━━━━━━━━━━━━━━━━━━━━━━━━━━━━━━━
[0] 📍 Local Access:     https://localhost:3000
[0] 🌐 Network Access:   https://192.168.0.2:3000
[0] ━━━━━━━━━━━━━━━━━━━━━━━━━━━━━━━━━━━━━━━━━━━━━━━━━━━
[0] 📱 Access from mobile devices using the network URL
[0] ⚠️  You may need to accept certificate warnings on first visit
[0] 💡 For trusted certificates, run: npm run setup-certs
[0]
[0] 📊 Connected to SQLite database: /app/qtools.db
[1] ✅ Using mkcert certificates for Vite dev server
[1]
[1]   VITE v7.1.9  ready in 423 ms
[1]
[1]   ➜  Local:   https://localhost:8080/
[1]   ➜  Network: https://192.168.0.2:8080/
[1] Browserslist: browsers data (caniuse-lite) is 11 months old. Please run:
[1]   npx update-browserslist-db@latest
[1]   Why you should do it regularly: https://github.com/browserslist/update-db#readme
[1] 6:03:24 AM [vite] (client) ✨ new dependencies optimized: xlsx, file-saver
[1] 6:03:24 AM [vite] (client) ✨ optimized dependencies changed. reloading
[1] 7:13:53 AM [vite] (client) hmr update /src/pages/ToolsManager.tsx, /src/index.css
[1] 7:14:18 AM [vite] (client) hmr update /src/pages/ToolsManager.tsx, /src/index.css
[1] 7:20:11 AM [vite] (client) hmr update /src/pages/ToolsManager.tsx, /src/index.css
